{
  "numFailedTestSuites": 0,
  "numFailedTests": 0,
  "numPassedTestSuites": 13,
  "numPassedTests": 60,
  "numPendingTestSuites": 0,
  "numPendingTests": 0,
  "numRuntimeErrorTestSuites": 0,
  "numTodoTests": 0,
  "numTotalTestSuites": 13,
  "numTotalTests": 60,
  "openHandles": [],
  "snapshot": {
    "added": 0,
    "didUpdate": false,
    "failure": false,
    "filesAdded": 0,
    "filesRemoved": 0,
    "filesRemovedList": [],
    "filesUnmatched": 0,
    "filesUpdated": 0,
    "matched": 0,
    "total": 0,
    "unchecked": 0,
    "uncheckedKeysByFile": [],
    "unmatched": 0,
    "updated": 0
  },
  "startTime": 1748493026322,
  "success": false,
  "testResults": [
    {
      "leaks": false,
      "numFailingTests": 0,
      "numPassingTests": 23,
      "numPendingTests": 0,
      "numTodoTests": 0,
      "openHandles": [],
      "perfStats": {
        "end": 1748493033800,
        "runtime": 6170,
        "slow": true,
        "start": 1748493027630
      },
      "skipped": false,
      "snapshot": {
        "added": 0,
        "fileDeleted": false,
        "matched": 0,
        "unchecked": 0,
        "uncheckedKeys": [],
        "unmatched": 0,
        "updated": 0
      },
      "testFilePath": "C:\\Users\\vinic\\.vscode\\projetos-pi-grupo-l\\PI6\\Projeto\\testes\\unitario\\authController.test.ts",
      "testResults": [
        {
          "ancestorTitles": [
            "authController",
            "registerUser"
          ],
          "duration": 43,
          "failureDetails": [],
          "failureMessages": [],
          "fullName": "authController registerUser deve registrar usuário com sucesso",
          "invocations": 1,
          "location": null,
          "numPassingAsserts": 3,
          "retryReasons": [],
          "status": "passed",
          "title": "deve registrar usuário com sucesso"
        },
        {
          "ancestorTitles": [
            "authController",
            "registerUser"
          ],
          "duration": 59,
          "failureDetails": [],
          "failureMessages": [],
          "fullName": "authController registerUser deve retornar erro de validação",
          "invocations": 1,
          "location": null,
          "numPassingAsserts": 4,
          "retryReasons": [],
          "status": "passed",
          "title": "deve retornar erro de validação"
        },
        {
          "ancestorTitles": [
            "authController",
            "registerUser"
          ],
          "duration": 2,
          "failureDetails": [],
          "failureMessages": [],
          "fullName": "authController registerUser deve retornar erro genérico no banco",
          "invocations": 1,
          "location": null,
          "numPassingAsserts": 2,
          "retryReasons": [],
          "status": "passed",
          "title": "deve retornar erro genérico no banco"
        },
        {
          "ancestorTitles": [
            "authController",
            "handleForgotPassword"
          ],
          "duration": 2,
          "failureDetails": [],
          "failureMessages": [],
          "fullName": "authController handleForgotPassword redireciona para redefinir senha se usuário encontrado",
          "invocations": 1,
          "location": null,
          "numPassingAsserts": 1,
          "retryReasons": [],
          "status": "passed",
          "title": "redireciona para redefinir senha se usuário encontrado"
        },
        {
          "ancestorTitles": [
            "authController",
            "handleForgotPassword"
          ],
          "duration": 10,
          "failureDetails": [],
          "failureMessages": [],
          "fullName": "authController handleForgotPassword exibe erro se usuário não encontrado",
          "invocations": 1,
          "location": null,
          "numPassingAsserts": 1,
          "retryReasons": [],
          "status": "passed",
          "title": "exibe erro se usuário não encontrado"
        },
        {
          "ancestorTitles": [
            "authController",
            "handleForgotPassword"
          ],
          "duration": 2,
          "failureDetails": [],
          "failureMessages": [],
          "fullName": "authController handleForgotPassword deve lidar com erro no banco",
          "invocations": 1,
          "location": null,
          "numPassingAsserts": 2,
          "retryReasons": [],
          "status": "passed",
          "title": "deve lidar com erro no banco"
        },
        {
          "ancestorTitles": [
            "authController",
            "handleResetPassword"
          ],
          "duration": 1,
          "failureDetails": [],
          "failureMessages": [],
          "fullName": "authController handleResetPassword retorna erro se senha inválida",
          "invocations": 1,
          "location": null,
          "numPassingAsserts": 2,
          "retryReasons": [],
          "status": "passed",
          "title": "retorna erro se senha inválida"
        },
        {
          "ancestorTitles": [
            "authController",
            "handleResetPassword"
          ],
          "duration": 1,
          "failureDetails": [],
          "failureMessages": [],
          "fullName": "authController handleResetPassword atualiza senha com sucesso",
          "invocations": 1,
          "location": null,
          "numPassingAsserts": 3,
          "retryReasons": [],
          "status": "passed",
          "title": "atualiza senha com sucesso"
        },
        {
          "ancestorTitles": [
            "authController",
            "handleResetPassword"
          ],
          "duration": 6,
          "failureDetails": [],
          "failureMessages": [],
          "fullName": "authController handleResetPassword deve lidar com erro no banco ao atualizar senha",
          "invocations": 1,
          "location": null,
          "numPassingAsserts": 2,
          "retryReasons": [],
          "status": "passed",
          "title": "deve lidar com erro no banco ao atualizar senha"
        },
        {
          "ancestorTitles": [
            "authController",
            "loginUser"
          ],
          "duration": 1,
          "failureDetails": [],
          "failureMessages": [],
          "fullName": "authController loginUser deve fazer login com sucesso e setar sessão",
          "invocations": 1,
          "location": null,
          "numPassingAsserts": 3,
          "retryReasons": [],
          "status": "passed",
          "title": "deve fazer login com sucesso e setar sessão"
        },
        {
          "ancestorTitles": [
            "authController",
            "logoutUser"
          ],
          "duration": 1,
          "failureDetails": [],
          "failureMessages": [],
          "fullName": "authController logoutUser deve destruir a sessão e redirecionar para login",
          "invocations": 1,
          "location": null,
          "numPassingAsserts": 2,
          "retryReasons": [],
          "status": "passed",
          "title": "deve destruir a sessão e redirecionar para login"
        },
        {
          "ancestorTitles": [
            "authController",
            "Cobertura adicional authController",
            "registerONG"
          ],
          "duration": 2,
          "failureDetails": [],
          "failureMessages": [],
          "fullName": "authController Cobertura adicional authController registerONG deve registrar ONG com sucesso",
          "invocations": 1,
          "location": null,
          "numPassingAsserts": 3,
          "retryReasons": [],
          "status": "passed",
          "title": "deve registrar ONG com sucesso"
        },
        {
          "ancestorTitles": [
            "authController",
            "Cobertura adicional authController",
            "registerONG"
          ],
          "duration": 7,
          "failureDetails": [],
          "failureMessages": [],
          "fullName": "authController Cobertura adicional authController registerONG deve retornar erro de validação ao cadastrar ONG",
          "invocations": 1,
          "location": null,
          "numPassingAsserts": 3,
          "retryReasons": [],
          "status": "passed",
          "title": "deve retornar erro de validação ao cadastrar ONG"
        },
        {
          "ancestorTitles": [
            "authController",
            "Cobertura adicional authController",
            "registerONG"
          ],
          "duration": 3,
          "failureDetails": [],
          "failureMessages": [],
          "fullName": "authController Cobertura adicional authController registerONG deve retornar erro duplicidade no banco ao cadastrar ONG",
          "invocations": 1,
          "location": null,
          "numPassingAsserts": 2,
          "retryReasons": [],
          "status": "passed",
          "title": "deve retornar erro duplicidade no banco ao cadastrar ONG"
        },
        {
          "ancestorTitles": [
            "authController",
            "Cobertura adicional authController",
            "registerONG"
          ],
          "duration": 2,
          "failureDetails": [],
          "failureMessages": [],
          "fullName": "authController Cobertura adicional authController registerONG deve lidar com erro genérico ao cadastrar ONG",
          "invocations": 1,
          "location": null,
          "numPassingAsserts": 2,
          "retryReasons": [],
          "status": "passed",
          "title": "deve lidar com erro genérico ao cadastrar ONG"
        },
        {
          "ancestorTitles": [
            "authController",
            "Cobertura adicional authController",
            "render pages"
          ],
          "duration": 1,
          "failureDetails": [],
          "failureMessages": [],
          "fullName": "authController Cobertura adicional authController render pages renderAuthLoginPage deve renderizar login com logoutSuccess true",
          "invocations": 1,
          "location": null,
          "numPassingAsserts": 1,
          "retryReasons": [],
          "status": "passed",
          "title": "renderAuthLoginPage deve renderizar login com logoutSuccess true"
        },
        {
          "ancestorTitles": [
            "authController",
            "Cobertura adicional authController",
            "render pages"
          ],
          "duration": 1,
          "failureDetails": [],
          "failureMessages": [],
          "fullName": "authController Cobertura adicional authController render pages renderAuthLoginPage deve renderizar login com logoutSuccess false",
          "invocations": 1,
          "location": null,
          "numPassingAsserts": 1,
          "retryReasons": [],
          "status": "passed",
          "title": "renderAuthLoginPage deve renderizar login com logoutSuccess false"
        },
        {
          "ancestorTitles": [
            "authController",
            "Cobertura adicional authController",
            "render pages"
          ],
          "duration": 1,
          "failureDetails": [],
          "failureMessages": [],
          "fullName": "authController Cobertura adicional authController render pages renderAuthRegisterPage deve renderizar página de registro",
          "invocations": 1,
          "location": null,
          "numPassingAsserts": 1,
          "retryReasons": [],
          "status": "passed",
          "title": "renderAuthRegisterPage deve renderizar página de registro"
        },
        {
          "ancestorTitles": [
            "authController",
            "Cobertura adicional authController",
            "render pages"
          ],
          "duration": 1,
          "failureDetails": [],
          "failureMessages": [],
          "fullName": "authController Cobertura adicional authController render pages renderForgotPasswordPage deve renderizar página de esqueci senha",
          "invocations": 1,
          "location": null,
          "numPassingAsserts": 1,
          "retryReasons": [],
          "status": "passed",
          "title": "renderForgotPasswordPage deve renderizar página de esqueci senha"
        },
        {
          "ancestorTitles": [
            "authController",
            "Cobertura adicional authController",
            "render pages"
          ],
          "duration": 0,
          "failureDetails": [],
          "failureMessages": [],
          "fullName": "authController Cobertura adicional authController render pages renderResetPasswordPage deve renderizar página de redefinir senha",
          "invocations": 1,
          "location": null,
          "numPassingAsserts": 1,
          "retryReasons": [],
          "status": "passed",
          "title": "renderResetPasswordPage deve renderizar página de redefinir senha"
        },
        {
          "ancestorTitles": [
            "authController",
            "Cobertura adicional authController",
            "handleForgotPassword erros"
          ],
          "duration": 4,
          "failureDetails": [],
          "failureMessages": [],
          "fullName": "authController Cobertura adicional authController handleForgotPassword erros deve retornar erro 500 ao falhar na consulta",
          "invocations": 1,
          "location": null,
          "numPassingAsserts": 2,
          "retryReasons": [],
          "status": "passed",
          "title": "deve retornar erro 500 ao falhar na consulta"
        },
        {
          "ancestorTitles": [
            "authController",
            "Cobertura adicional authController",
            "handleResetPassword erros"
          ],
          "duration": 4,
          "failureDetails": [],
          "failureMessages": [],
          "fullName": "authController Cobertura adicional authController handleResetPassword erros deve retornar erro 500 ao falhar na atualização",
          "invocations": 1,
          "location": null,
          "numPassingAsserts": 2,
          "retryReasons": [],
          "status": "passed",
          "title": "deve retornar erro 500 ao falhar na atualização"
        },
        {
          "ancestorTitles": [
            "authController",
            "Cobertura adicional authController",
            "logoutUser erros"
          ],
          "duration": 1,
          "failureDetails": [],
          "failureMessages": [],
          "fullName": "authController Cobertura adicional authController logoutUser erros deve lidar com erro ao destruir sessão",
          "invocations": 1,
          "location": null,
          "numPassingAsserts": 2,
          "retryReasons": [],
          "status": "passed",
          "title": "deve lidar com erro ao destruir sessão"
        }
      ],
      "failureMessage": null
    },
    {
      "leaks": false,
      "numFailingTests": 0,
      "numPassingTests": 2,
      "numPendingTests": 0,
      "numTodoTests": 0,
      "openHandles": [],
      "perfStats": {
        "end": 1748493035297,
        "runtime": 7673,
        "slow": true,
        "start": 1748493027624
      },
      "skipped": false,
      "snapshot": {
        "added": 0,
        "fileDeleted": false,
        "matched": 0,
        "unchecked": 0,
        "uncheckedKeys": [],
        "unmatched": 0,
        "updated": 0
      },
      "testFilePath": "C:\\Users\\vinic\\.vscode\\projetos-pi-grupo-l\\PI6\\Projeto\\testes\\integrado\\authLogin.int.test.ts",
      "testResults": [
        {
          "ancestorTitles": [
            "Integração - loginUser"
          ],
          "duration": 159,
          "failureDetails": [],
          "failureMessages": [],
          "fullName": "Integração - loginUser Deve logar com sucesso e redirecionar para /dashboard",
          "invocations": 1,
          "location": null,
          "numPassingAsserts": 2,
          "retryReasons": [],
          "status": "passed",
          "title": "Deve logar com sucesso e redirecionar para /dashboard"
        },
        {
          "ancestorTitles": [
            "Integração - loginUser"
          ],
          "duration": 97,
          "failureDetails": [],
          "failureMessages": [],
          "fullName": "Integração - loginUser Deve retornar erro com senha incorreta",
          "invocations": 1,
          "location": null,
          "numPassingAsserts": 2,
          "retryReasons": [],
          "status": "passed",
          "title": "Deve retornar erro com senha incorreta"
        }
      ],
      "failureMessage": null
    },
    {
      "leaks": false,
      "numFailingTests": 0,
      "numPassingTests": 3,
      "numPendingTests": 0,
      "numTodoTests": 0,
      "openHandles": [],
      "perfStats": {
        "end": 1748493035386,
        "runtime": 7752,
        "slow": true,
        "start": 1748493027634
      },
      "skipped": false,
      "snapshot": {
        "added": 0,
        "fileDeleted": false,
        "matched": 0,
        "unchecked": 0,
        "uncheckedKeys": [],
        "unmatched": 0,
        "updated": 0
      },
      "testFilePath": "C:\\Users\\vinic\\.vscode\\projetos-pi-grupo-l\\PI6\\Projeto\\testes\\integrado\\authController.int.test.ts",
      "testResults": [
        {
          "ancestorTitles": [
            "Integração - registerUser"
          ],
          "duration": 235,
          "failureDetails": [],
          "failureMessages": [],
          "fullName": "Integração - registerUser Deve cadastrar um novo usuário com sucesso e redirecionar para /login",
          "invocations": 1,
          "location": null,
          "numPassingAsserts": 2,
          "retryReasons": [],
          "status": "passed",
          "title": "Deve cadastrar um novo usuário com sucesso e redirecionar para /login"
        },
        {
          "ancestorTitles": [
            "Integração - registerUser"
          ],
          "duration": 61,
          "failureDetails": [],
          "failureMessages": [],
          "fullName": "Integração - registerUser Deve retornar erro 400 para dados inválidos",
          "invocations": 1,
          "location": null,
          "numPassingAsserts": 3,
          "retryReasons": [],
          "status": "passed",
          "title": "Deve retornar erro 400 para dados inválidos"
        },
        {
          "ancestorTitles": [
            "Integração - registerUser"
          ],
          "duration": 127,
          "failureDetails": [],
          "failureMessages": [],
          "fullName": "Integração - registerUser Deve retornar erro 400 ao tentar cadastrar usuário já existente (simulando erro do banco)",
          "invocations": 1,
          "location": null,
          "numPassingAsserts": 3,
          "retryReasons": [],
          "status": "passed",
          "title": "Deve retornar erro 400 ao tentar cadastrar usuário já existente (simulando erro do banco)"
        }
      ],
      "failureMessage": null
    },
    {
      "leaks": false,
      "numFailingTests": 0,
      "numPassingTests": 3,
      "numPendingTests": 0,
      "numTodoTests": 0,
      "openHandles": [],
      "perfStats": {
        "end": 1748493035992,
        "runtime": 1928,
        "slow": false,
        "start": 1748493034064
      },
      "skipped": false,
      "snapshot": {
        "added": 0,
        "fileDeleted": false,
        "matched": 0,
        "unchecked": 0,
        "uncheckedKeys": [],
        "unmatched": 0,
        "updated": 0
      },
      "testFilePath": "C:\\Users\\vinic\\.vscode\\projetos-pi-grupo-l\\PI6\\Projeto\\testes\\integrado\\doacaoController.int.test.ts",
      "testResults": [
        {
          "ancestorTitles": [
            "Integração - DoacaoController"
          ],
          "duration": 70,
          "failureDetails": [],
          "failureMessages": [],
          "fullName": "Integração - DoacaoController criarDoacao → deve criar e redirecionar",
          "invocations": 1,
          "location": null,
          "numPassingAsserts": 6,
          "retryReasons": [],
          "status": "passed",
          "title": "criarDoacao → deve criar e redirecionar"
        },
        {
          "ancestorTitles": [
            "Integração - DoacaoController"
          ],
          "duration": 8,
          "failureDetails": [],
          "failureMessages": [],
          "fullName": "Integração - DoacaoController renderNovaDoacaoPage → deve exibir formulário com lista de ONGs",
          "invocations": 1,
          "location": null,
          "numPassingAsserts": 2,
          "retryReasons": [],
          "status": "passed",
          "title": "renderNovaDoacaoPage → deve exibir formulário com lista de ONGs"
        },
        {
          "ancestorTitles": [
            "Integração - DoacaoController"
          ],
          "duration": 7,
          "failureDetails": [],
          "failureMessages": [],
          "fullName": "Integração - DoacaoController listarHistoricoDoacoes → deve exibir doações do usuário",
          "invocations": 1,
          "location": null,
          "numPassingAsserts": 4,
          "retryReasons": [],
          "status": "passed",
          "title": "listarHistoricoDoacoes → deve exibir doações do usuário"
        }
      ],
      "failureMessage": null
    },
    {
      "leaks": false,
      "numFailingTests": 0,
      "numPassingTests": 5,
      "numPendingTests": 0,
      "numTodoTests": 0,
      "openHandles": [],
      "perfStats": {
        "end": 1748493036182,
        "runtime": 150,
        "slow": false,
        "start": 1748493036032
      },
      "skipped": false,
      "snapshot": {
        "added": 0,
        "fileDeleted": false,
        "matched": 0,
        "unchecked": 0,
        "uncheckedKeys": [],
        "unmatched": 0,
        "updated": 0
      },
      "testFilePath": "C:\\Users\\vinic\\.vscode\\projetos-pi-grupo-l\\PI6\\Projeto\\testes\\unitario\\authLogin.test.ts",
      "testResults": [
        {
          "ancestorTitles": [
            "loginUser"
          ],
          "duration": 2,
          "failureDetails": [],
          "failureMessages": [],
          "fullName": "loginUser deve realizar login com sucesso",
          "invocations": 1,
          "location": null,
          "numPassingAsserts": 3,
          "retryReasons": [],
          "status": "passed",
          "title": "deve realizar login com sucesso"
        },
        {
          "ancestorTitles": [
            "loginUser"
          ],
          "duration": 1,
          "failureDetails": [],
          "failureMessages": [],
          "fullName": "loginUser deve exibir erro se a senha estiver incorreta",
          "invocations": 1,
          "location": null,
          "numPassingAsserts": 1,
          "retryReasons": [],
          "status": "passed",
          "title": "deve exibir erro se a senha estiver incorreta"
        },
        {
          "ancestorTitles": [
            "loginUser"
          ],
          "duration": 1,
          "failureDetails": [],
          "failureMessages": [],
          "fullName": "loginUser deve exibir erro se usuário não existir",
          "invocations": 1,
          "location": null,
          "numPassingAsserts": 1,
          "retryReasons": [],
          "status": "passed",
          "title": "deve exibir erro se usuário não existir"
        },
        {
          "ancestorTitles": [
            "handleResetPassword"
          ],
          "duration": 1,
          "failureDetails": [],
          "failureMessages": [],
          "fullName": "handleResetPassword deve atualizar a senha com sucesso",
          "invocations": 1,
          "location": null,
          "numPassingAsserts": 3,
          "retryReasons": [],
          "status": "passed",
          "title": "deve atualizar a senha com sucesso"
        },
        {
          "ancestorTitles": [
            "handleResetPassword"
          ],
          "duration": 1,
          "failureDetails": [],
          "failureMessages": [],
          "fullName": "handleResetPassword deve retornar erro se senha for curta",
          "invocations": 1,
          "location": null,
          "numPassingAsserts": 2,
          "retryReasons": [],
          "status": "passed",
          "title": "deve retornar erro se senha for curta"
        }
      ],
      "failureMessage": null
    },
    {
      "leaks": false,
      "numFailingTests": 0,
      "numPassingTests": 1,
      "numPendingTests": 0,
      "numTodoTests": 0,
      "openHandles": [],
      "perfStats": {
        "end": 1748493036214,
        "runtime": 691,
        "slow": false,
        "start": 1748493035523
      },
      "skipped": false,
      "snapshot": {
        "added": 0,
        "fileDeleted": false,
        "matched": 0,
        "unchecked": 0,
        "uncheckedKeys": [],
        "unmatched": 0,
        "updated": 0
      },
      "testFilePath": "C:\\Users\\vinic\\.vscode\\projetos-pi-grupo-l\\PI6\\Projeto\\testes\\integrado\\dashboardController.int.test.ts",
      "testResults": [
        {
          "ancestorTitles": [
            "Integração - renderDashBoardPage"
          ],
          "duration": 19,
          "failureDetails": [],
          "failureMessages": [],
          "fullName": "Integração - renderDashBoardPage Deve retornar o dashboard com os dados dos gráficos",
          "invocations": 1,
          "location": null,
          "numPassingAsserts": 5,
          "retryReasons": [],
          "status": "passed",
          "title": "Deve retornar o dashboard com os dados dos gráficos"
        }
      ],
      "failureMessage": null
    },
    {
      "leaks": false,
      "numFailingTests": 0,
      "numPassingTests": 3,
      "numPendingTests": 0,
      "numTodoTests": 0,
      "openHandles": [],
      "perfStats": {
        "end": 1748493036365,
        "runtime": 979,
        "slow": false,
        "start": 1748493035386
      },
      "skipped": false,
      "snapshot": {
        "added": 0,
        "fileDeleted": false,
        "matched": 0,
        "unchecked": 0,
        "uncheckedKeys": [],
        "unmatched": 0,
        "updated": 0
      },
      "testFilePath": "C:\\Users\\vinic\\.vscode\\projetos-pi-grupo-l\\PI6\\Projeto\\testes\\integrado\\perfilController.int.test.ts",
      "testResults": [
        {
          "ancestorTitles": [
            "Teste integrado - perfilController"
          ],
          "duration": 278,
          "failureDetails": [],
          "failureMessages": [],
          "fullName": "Teste integrado - perfilController deve atualizar o perfil com sucesso",
          "invocations": 1,
          "location": null,
          "numPassingAsserts": 5,
          "retryReasons": [],
          "status": "passed",
          "title": "deve atualizar o perfil com sucesso"
        },
        {
          "ancestorTitles": [
            "Teste integrado - perfilController"
          ],
          "duration": 50,
          "failureDetails": [],
          "failureMessages": [],
          "fullName": "Teste integrado - perfilController deve exibir mensagem de erro com senha inválida",
          "invocations": 1,
          "location": null,
          "numPassingAsserts": 2,
          "retryReasons": [],
          "status": "passed",
          "title": "deve exibir mensagem de erro com senha inválida"
        },
        {
          "ancestorTitles": [
            "Teste integrado - perfilController"
          ],
          "duration": 7,
          "failureDetails": [],
          "failureMessages": [],
          "fullName": "Teste integrado - perfilController deve renderizar a página de editar perfil com dados da sessão",
          "invocations": 1,
          "location": null,
          "numPassingAsserts": 3,
          "retryReasons": [],
          "status": "passed",
          "title": "deve renderizar a página de editar perfil com dados da sessão"
        }
      ],
      "failureMessage": null
    },
    {
      "leaks": false,
      "numFailingTests": 0,
      "numPassingTests": 4,
      "numPendingTests": 0,
      "numTodoTests": 0,
      "openHandles": [],
      "perfStats": {
        "end": 1748493036544,
        "runtime": 281,
        "slow": false,
        "start": 1748493036263
      },
      "skipped": false,
      "snapshot": {
        "added": 0,
        "fileDeleted": false,
        "matched": 0,
        "unchecked": 0,
        "uncheckedKeys": [],
        "unmatched": 0,
        "updated": 0
      },
      "testFilePath": "C:\\Users\\vinic\\.vscode\\projetos-pi-grupo-l\\PI6\\Projeto\\testes\\unitario\\ds.test.ts",
      "testResults": [
        {
          "ancestorTitles": [
            "Database Connection (ds.ts)"
          ],
          "duration": 1,
          "failureDetails": [],
          "failureMessages": [],
          "fullName": "Database Connection (ds.ts) should create the pool object correctly",
          "invocations": 1,
          "location": null,
          "numPassingAsserts": 2,
          "retryReasons": [],
          "status": "passed",
          "title": "should create the pool object correctly"
        },
        {
          "ancestorTitles": [
            "Database Connection (ds.ts)"
          ],
          "duration": 41,
          "failureDetails": [],
          "failureMessages": [],
          "fullName": "Database Connection (ds.ts) should successfully connect to the database and run a simple query",
          "invocations": 1,
          "location": null,
          "numPassingAsserts": 4,
          "retryReasons": [],
          "status": "passed",
          "title": "should successfully connect to the database and run a simple query"
        },
        {
          "ancestorTitles": [
            "Database Connection (ds.ts)"
          ],
          "duration": 6,
          "failureDetails": [],
          "failureMessages": [],
          "fullName": "Database Connection (ds.ts) testarConexao function should run without throwing an error",
          "invocations": 1,
          "location": null,
          "numPassingAsserts": 3,
          "retryReasons": [],
          "status": "passed",
          "title": "testarConexao function should run without throwing an error"
        },
        {
          "ancestorTitles": [
            "Database Connection (ds.ts)"
          ],
          "duration": 11,
          "failureDetails": [],
          "failureMessages": [],
          "fullName": "Database Connection (ds.ts) should handle invalid queries gracefully (throw an error)",
          "invocations": 1,
          "location": null,
          "numPassingAsserts": 1,
          "retryReasons": [],
          "status": "passed",
          "title": "should handle invalid queries gracefully (throw an error)"
        }
      ],
      "failureMessage": null
    },
    {
      "leaks": false,
      "numFailingTests": 0,
      "numPassingTests": 3,
      "numPendingTests": 0,
      "numTodoTests": 0,
      "openHandles": [],
      "perfStats": {
        "end": 1748493036683,
        "runtime": 265,
        "slow": false,
        "start": 1748493036418
      },
      "skipped": false,
      "snapshot": {
        "added": 0,
        "fileDeleted": false,
        "matched": 0,
        "unchecked": 0,
        "uncheckedKeys": [],
        "unmatched": 0,
        "updated": 0
      },
      "testFilePath": "C:\\Users\\vinic\\.vscode\\projetos-pi-grupo-l\\PI6\\Projeto\\testes\\unitario\\perfilController.test.ts",
      "testResults": [
        {
          "ancestorTitles": [
            "formataNome"
          ],
          "duration": 1,
          "failureDetails": [],
          "failureMessages": [],
          "fullName": "formataNome deve formatar corretamente um nome simples",
          "invocations": 1,
          "location": null,
          "numPassingAsserts": 1,
          "retryReasons": [],
          "status": "passed",
          "title": "deve formatar corretamente um nome simples"
        },
        {
          "ancestorTitles": [
            "formataNome"
          ],
          "duration": 1,
          "failureDetails": [],
          "failureMessages": [],
          "fullName": "formataNome deve lidar com múltiplos espaços",
          "invocations": 1,
          "location": null,
          "numPassingAsserts": 1,
          "retryReasons": [],
          "status": "passed",
          "title": "deve lidar com múltiplos espaços"
        },
        {
          "ancestorTitles": [
            "formataNome"
          ],
          "duration": 0,
          "failureDetails": [],
          "failureMessages": [],
          "fullName": "formataNome deve retornar string vazia se receber string vazia",
          "invocations": 1,
          "location": null,
          "numPassingAsserts": 1,
          "retryReasons": [],
          "status": "passed",
          "title": "deve retornar string vazia se receber string vazia"
        }
      ],
      "failureMessage": null
    },
    {
      "leaks": false,
      "numFailingTests": 0,
      "numPassingTests": 1,
      "numPendingTests": 0,
      "numTodoTests": 0,
      "openHandles": [],
      "perfStats": {
        "end": 1748493036801,
        "runtime": 579,
        "slow": false,
        "start": 1748493036222
      },
      "skipped": false,
      "snapshot": {
        "added": 0,
        "fileDeleted": false,
        "matched": 0,
        "unchecked": 0,
        "uncheckedKeys": [],
        "unmatched": 0,
        "updated": 0
      },
      "testFilePath": "C:\\Users\\vinic\\.vscode\\projetos-pi-grupo-l\\PI6\\Projeto\\testes\\integrado\\homeController.int.test.ts",
      "testResults": [
        {
          "ancestorTitles": [
            "Integração - HomeController"
          ],
          "duration": 35,
          "failureDetails": [],
          "failureMessages": [],
          "fullName": "Integração - HomeController Deve renderizar a página inicial com sucesso",
          "invocations": 1,
          "location": null,
          "numPassingAsserts": 2,
          "retryReasons": [],
          "status": "passed",
          "title": "Deve renderizar a página inicial com sucesso"
        }
      ],
      "failureMessage": null
    },
    {
      "leaks": false,
      "numFailingTests": 0,
      "numPassingTests": 4,
      "numPendingTests": 0,
      "numTodoTests": 0,
      "openHandles": [],
      "perfStats": {
        "end": 1748493036812,
        "runtime": 217,
        "slow": false,
        "start": 1748493036595
      },
      "skipped": false,
      "snapshot": {
        "added": 0,
        "fileDeleted": false,
        "matched": 0,
        "unchecked": 0,
        "uncheckedKeys": [],
        "unmatched": 0,
        "updated": 0
      },
      "testFilePath": "C:\\Users\\vinic\\.vscode\\projetos-pi-grupo-l\\PI6\\Projeto\\testes\\unitario\\dashboardController.test.ts",
      "testResults": [
        {
          "ancestorTitles": [
            "renderDashBoardPage"
          ],
          "duration": 2,
          "failureDetails": [],
          "failureMessages": [],
          "fullName": "renderDashBoardPage deve redirecionar para login se não houver usuário na sessão",
          "invocations": 1,
          "location": null,
          "numPassingAsserts": 1,
          "retryReasons": [],
          "status": "passed",
          "title": "deve redirecionar para login se não houver usuário na sessão"
        },
        {
          "ancestorTitles": [
            "renderDashBoardPage"
          ],
          "duration": 2,
          "failureDetails": [],
          "failureMessages": [],
          "fullName": "renderDashBoardPage deve consultar dados e renderizar o dashboard",
          "invocations": 1,
          "location": null,
          "numPassingAsserts": 2,
          "retryReasons": [],
          "status": "passed",
          "title": "deve consultar dados e renderizar o dashboard"
        },
        {
          "ancestorTitles": [
            "totalDoacoesPorOng"
          ],
          "duration": 3,
          "failureDetails": [],
          "failureMessages": [],
          "fullName": "totalDoacoesPorOng deve renderizar total de doações por ONG",
          "invocations": 1,
          "location": null,
          "numPassingAsserts": 1,
          "retryReasons": [],
          "status": "passed",
          "title": "deve renderizar total de doações por ONG"
        },
        {
          "ancestorTitles": [
            "totalDoacoesPorOng"
          ],
          "duration": 15,
          "failureDetails": [],
          "failureMessages": [],
          "fullName": "totalDoacoesPorOng deve retornar erro 500 se a consulta falhar",
          "invocations": 1,
          "location": null,
          "numPassingAsserts": 2,
          "retryReasons": [],
          "status": "passed",
          "title": "deve retornar erro 500 se a consulta falhar"
        }
      ],
      "failureMessage": null
    },
    {
      "leaks": false,
      "numFailingTests": 0,
      "numPassingTests": 1,
      "numPendingTests": 0,
      "numTodoTests": 0,
      "openHandles": [],
      "perfStats": {
        "end": 1748493036908,
        "runtime": 164,
        "slow": false,
        "start": 1748493036744
      },
      "skipped": false,
      "snapshot": {
        "added": 0,
        "fileDeleted": false,
        "matched": 0,
        "unchecked": 0,
        "uncheckedKeys": [],
        "unmatched": 0,
        "updated": 0
      },
      "testFilePath": "C:\\Users\\vinic\\.vscode\\projetos-pi-grupo-l\\PI6\\Projeto\\testes\\unitario\\homeController.test.ts",
      "testResults": [
        {
          "ancestorTitles": [
            "renderHomePage"
          ],
          "duration": 5,
          "failureDetails": [],
          "failureMessages": [],
          "fullName": "renderHomePage deve renderizar a página inicial com o título correto",
          "invocations": 1,
          "location": null,
          "numPassingAsserts": 1,
          "retryReasons": [],
          "status": "passed",
          "title": "deve renderizar a página inicial com o título correto"
        }
      ],
      "failureMessage": null
    },
    {
      "leaks": false,
      "numFailingTests": 0,
      "numPassingTests": 7,
      "numPendingTests": 0,
      "numTodoTests": 0,
      "openHandles": [],
      "perfStats": {
        "end": 1748493036992,
        "runtime": 148,
        "slow": false,
        "start": 1748493036844
      },
      "skipped": false,
      "snapshot": {
        "added": 0,
        "fileDeleted": false,
        "matched": 0,
        "unchecked": 0,
        "uncheckedKeys": [],
        "unmatched": 0,
        "updated": 0
      },
      "testFilePath": "C:\\Users\\vinic\\.vscode\\projetos-pi-grupo-l\\PI6\\Projeto\\testes\\unitario\\doacaoController.test.ts",
      "testResults": [
        {
          "ancestorTitles": [
            "renderNovaDoacaoPage"
          ],
          "duration": 1,
          "failureDetails": [],
          "failureMessages": [],
          "fullName": "renderNovaDoacaoPage deve redirecionar para login se não houver sessão",
          "invocations": 1,
          "location": null,
          "numPassingAsserts": 1,
          "retryReasons": [],
          "status": "passed",
          "title": "deve redirecionar para login se não houver sessão"
        },
        {
          "ancestorTitles": [
            "renderNovaDoacaoPage"
          ],
          "duration": 1,
          "failureDetails": [],
          "failureMessages": [],
          "fullName": "renderNovaDoacaoPage deve retornar os dados com sucesso (modo teste)",
          "invocations": 1,
          "location": null,
          "numPassingAsserts": 2,
          "retryReasons": [],
          "status": "passed",
          "title": "deve retornar os dados com sucesso (modo teste)"
        },
        {
          "ancestorTitles": [
            "criarDoacao"
          ],
          "duration": 0,
          "failureDetails": [],
          "failureMessages": [],
          "fullName": "criarDoacao deve redirecionar para login se o usuário não estiver autenticado",
          "invocations": 1,
          "location": null,
          "numPassingAsserts": 1,
          "retryReasons": [],
          "status": "passed",
          "title": "deve redirecionar para login se o usuário não estiver autenticado"
        },
        {
          "ancestorTitles": [
            "criarDoacao"
          ],
          "duration": 0,
          "failureDetails": [],
          "failureMessages": [],
          "fullName": "criarDoacao deve recusar doação se usuário for inválido",
          "invocations": 1,
          "location": null,
          "numPassingAsserts": 2,
          "retryReasons": [],
          "status": "passed",
          "title": "deve recusar doação se usuário for inválido"
        },
        {
          "ancestorTitles": [
            "criarDoacao"
          ],
          "duration": 1,
          "failureDetails": [],
          "failureMessages": [],
          "fullName": "criarDoacao deve registrar a doação com sucesso",
          "invocations": 1,
          "location": null,
          "numPassingAsserts": 3,
          "retryReasons": [],
          "status": "passed",
          "title": "deve registrar a doação com sucesso"
        },
        {
          "ancestorTitles": [
            "totalDoacoesPorOng"
          ],
          "duration": 1,
          "failureDetails": [],
          "failureMessages": [],
          "fullName": "totalDoacoesPorOng deve retornar os dados corretamente em ambiente de teste",
          "invocations": 1,
          "location": null,
          "numPassingAsserts": 2,
          "retryReasons": [],
          "status": "passed",
          "title": "deve retornar os dados corretamente em ambiente de teste"
        },
        {
          "ancestorTitles": [
            "totalDoacoesPorOng"
          ],
          "duration": 11,
          "failureDetails": [],
          "failureMessages": [],
          "fullName": "totalDoacoesPorOng deve retornar erro 500 se a consulta falhar",
          "invocations": 1,
          "location": null,
          "numPassingAsserts": 2,
          "retryReasons": [],
          "status": "passed",
          "title": "deve retornar erro 500 se a consulta falhar"
        }
      ],
      "failureMessage": null
    }
  ],
  "wasInterrupted": false
}